<?xml version="1.0" encoding="UTF-8"?>
<testng-results ignored="0" total="1" passed="1" failed="0" skipped="0">
  <reporter-output>
  </reporter-output>
  <suite started-at="2024-11-25T08:53:17 IST" name="Default suite" finished-at="2024-11-25T08:53:28 IST" duration-ms="11059">
    <groups>
    </groups>
    <test started-at="2024-11-25T08:53:17 IST" name="Default test" finished-at="2024-11-25T08:53:28 IST" duration-ms="11059">
      <class name="POM_DDF_TestNG_BaseClass_UtilityClass_SSOfFailedTC_PropertyFile.SwagLabLoginTest">
        <test-method is-config="true" signature="openBrowser()[pri:0, instance:POM_DDF_TestNG_BaseClass_UtilityClass_SSOfFailedTC_PropertyFile.SwagLabLoginTest@6379eb]" started-at="2024-11-25T08:53:17 IST" name="openBrowser" finished-at="2024-11-25T08:53:19 IST" duration-ms="1900" status="PASS">
          <reporter-output>
          </reporter-output>
        </test-method> <!-- openBrowser -->
        <test-method is-config="true" signature="loginToApp()[pri:0, instance:POM_DDF_TestNG_BaseClass_UtilityClass_SSOfFailedTC_PropertyFile.SwagLabLoginTest@6379eb]" started-at="2024-11-25T08:53:19 IST" name="loginToApp" finished-at="2024-11-25T08:53:21 IST" duration-ms="2348" status="PASS">
          <reporter-output>
          </reporter-output>
        </test-method> <!-- loginToApp -->
        <test-method signature="verifyLogoText()[pri:0, instance:POM_DDF_TestNG_BaseClass_UtilityClass_SSOfFailedTC_PropertyFile.SwagLabLoginTest@6379eb]" started-at="2024-11-25T08:53:21 IST" name="verifyLogoText" finished-at="2024-11-25T08:53:24 IST" duration-ms="2498" status="PASS">
          <reporter-output>
          </reporter-output>
        </test-method> <!-- verifyLogoText -->
        <test-method is-config="true" signature="logoutFromApp(org.testng.ITestResult)[pri:0, instance:POM_DDF_TestNG_BaseClass_UtilityClass_SSOfFailedTC_PropertyFile.SwagLabLoginTest@6379eb]" started-at="2024-11-25T08:53:24 IST" name="logoutFromApp" finished-at="2024-11-25T08:53:28 IST" duration-ms="4108" status="PASS">
          <params>
            <param index="0">
              <value>
                <![CDATA[[TestResult name=verifyLogoText status=SUCCESS method=SwagLabLoginTest.verifyLogoText()[pri:0, instance:POM_DDF_TestNG_BaseClass_UtilityClass_SSOfFailedTC_PropertyFile.SwagLabLoginTest@6379eb] output={null}]]]>
              </value>
            </param>
          </params>
          <reporter-output>
          </reporter-output>
        </test-method> <!-- logoutFromApp -->
        <test-method is-config="true" signature="closeBrowser()[pri:0, instance:POM_DDF_TestNG_BaseClass_UtilityClass_SSOfFailedTC_PropertyFile.SwagLabLoginTest@6379eb]" started-at="2024-11-25T08:53:28 IST" name="closeBrowser" finished-at="2024-11-25T08:53:28 IST" duration-ms="176" status="PASS">
          <reporter-output>
          </reporter-output>
        </test-method> <!-- closeBrowser -->
      </class> <!-- POM_DDF_TestNG_BaseClass_UtilityClass_SSOfFailedTC_PropertyFile.SwagLabLoginTest -->
    </test> <!-- Default test -->
  </suite> <!-- Default suite -->
</testng-results>
